<?xml version="1.0" encoding="UTF-8"?>
<!-- Generated by org.testng.reporters.JUnitXMLReporter -->
<testsuite ignored="0" hostname="DESKTOP-5T7138S" failures="1" tests="1" name="Test" time="48.589" errors="0" timestamp="2023-11-27T22:51:01 EST">
  <testcase classname="uk.co.automationtesting.EmptyBasket" name="endToEndTest" time="33.864">
    <failure type="java.lang.AssertionError" message="expected [$45.21] but found [$45.24]">
      <![CDATA[java.lang.AssertionError: expected [$45.21] but found [$45.24]
at uk.co.automationtesting.EmptyBasket.endToEndTest(EmptyBasket.java:86)
at java.base/java.util.ArrayList.forEach(ArrayList.java:1540)
... Removed 32 stack frames]]>
    </failure>
  </testcase> <!-- endToEndTest -->
</testsuite> <!-- Test -->
